Using pre-set license
Built from '2020.3/staging' branch; Version is '2020.3.25f1 (9b9180224418) revision 10195328'; Using compiler version '192528614'; Build Type 'Release'
OS: 'Windows 10  (10.0.18363) 64bit Professional' Language: 'zh' Physical Memory: 16319 MB
BatchMode: 1, IsHumanControllingUs: 0, StartBugReporterOnCrash: 0, Is64bit: 1, IsPro: 0

COMMAND LINE ARGUMENTS:
C:\Program Files\Unity\Hub\Editor\2020.3.25f1\Editor\Unity.exe
-adb2
-batchMode
-noUpm
-name
AssetImportWorker0
-projectPath
C:/Users/Appedu/Desktop/Untiy_3D_class_for_training/3D_class_for_training
-logFile
Logs/AssetImportWorker0.log
-srvPort
65042
Successfully changed project path to: C:/Users/Appedu/Desktop/Untiy_3D_class_for_training/3D_class_for_training
C:/Users/Appedu/Desktop/Untiy_3D_class_for_training/3D_class_for_training
Using Asset Import Pipeline V2.
Refreshing native plugins compatible for Editor in 53.10 ms, found 3 plugins.
Preloading 0 native plugins for Editor in 0.00 ms.
Initialize engine version: 2020.3.25f1 (9b9180224418)
[Subsystems] Discovering subsystems at path C:/Program Files/Unity/Hub/Editor/2020.3.25f1/Editor/Data/Resources/UnitySubsystems
[Subsystems] Discovering subsystems at path C:/Users/Appedu/Desktop/Untiy_3D_class_for_training/3D_class_for_training/Assets
GfxDevice: creating device client; threaded=0
Direct3D:
    Version:  Direct3D 11.0 [level 11.1]
    Renderer: NVIDIA Quadro P620 (ID=0x1cb6)
    Vendor:   
    VRAM:     1977 MB
    Driver:   30.0.14.7247
Initialize mono
Mono path[0] = 'C:/Program Files/Unity/Hub/Editor/2020.3.25f1/Editor/Data/Managed'
Mono path[1] = 'C:/Program Files/Unity/Hub/Editor/2020.3.25f1/Editor/Data/MonoBleedingEdge/lib/mono/unityjit'
Mono config path = 'C:/Program Files/Unity/Hub/Editor/2020.3.25f1/Editor/Data/MonoBleedingEdge/etc'
Using monoOptions --debugger-agent=transport=dt_socket,embedding=1,server=y,suspend=n,address=127.0.0.1:56892
Begin MonoManager ReloadAssembly
Registering precompiled unity dll's ...
Register platform support module: C:/Program Files/Unity/Hub/Editor/2020.3.25f1/Editor/Data/PlaybackEngines/WebGLSupport/UnityEditor.WebGL.Extensions.dll
Register platform support module: C:/Program Files/Unity/Hub/Editor/2020.3.25f1/Editor/Data/PlaybackEngines/WindowsStandaloneSupport/UnityEditor.WindowsStandalone.Extensions.dll
Registered in 0.001882 seconds.
Native extension for WindowsStandalone target not found
Native extension for WebGL target not found
Refreshing native plugins compatible for Editor in 47.04 ms, found 3 plugins.
Preloading 0 native plugins for Editor in 0.00 ms.
Mono: successfully reloaded assembly
- Completed reload, in  0.855 seconds
Domain Reload Profiling:
	ReloadAssembly (855ms)
		BeginReloadAssembly (61ms)
			ExecutionOrderSort (0ms)
			DisableScriptedObjects (0ms)
			BackupInstance (0ms)
			ReleaseScriptingObjects (0ms)
			CreateAndSetChildDomain (1ms)
		EndReloadAssembly (720ms)
			LoadAssemblies (59ms)
			RebuildTransferFunctionScriptingTraits (0ms)
			SetupTypeCache (184ms)
			ReleaseScriptCaches (0ms)
			RebuildScriptCaches (34ms)
			SetupLoadedEditorAssemblies (187ms)
				LogAssemblyErrors (0ms)
				InitializePlatformSupportModulesInManaged (5ms)
				SetLoadedEditorAssemblies (0ms)
				RefreshPlugins (47ms)
				BeforeProcessingInitializeOnLoad (18ms)
				ProcessInitializeOnLoadAttributes (87ms)
				ProcessInitializeOnLoadMethodAttributes (29ms)
				AfterProcessingInitializeOnLoad (0ms)
				EditorAssembliesLoaded (0ms)
			ExecutionOrderSort2 (0ms)
			AwakeInstancesAfterBackupRestoration (0ms)
Platform modules already initialized, skipping
Registering precompiled user dll's ...
Registered in 0.005267 seconds.
Begin MonoManager ReloadAssembly
Native extension for WindowsStandalone target not found
Native extension for WebGL target not found
Refreshing native plugins compatible for Editor in 0.51 ms, found 3 plugins.
Preloading 0 native plugins for Editor in 0.00 ms.
Mono: successfully reloaded assembly
- Completed reload, in  1.143 seconds
Domain Reload Profiling:
	ReloadAssembly (1144ms)
		BeginReloadAssembly (152ms)
			ExecutionOrderSort (0ms)
			DisableScriptedObjects (5ms)
			BackupInstance (0ms)
			ReleaseScriptingObjects (0ms)
			CreateAndSetChildDomain (21ms)
		EndReloadAssembly (929ms)
			LoadAssemblies (92ms)
			RebuildTransferFunctionScriptingTraits (0ms)
			SetupTypeCache (327ms)
			ReleaseScriptCaches (0ms)
			RebuildScriptCaches (52ms)
			SetupLoadedEditorAssemblies (351ms)
				LogAssemblyErrors (0ms)
				InitializePlatformSupportModulesInManaged (6ms)
				SetLoadedEditorAssemblies (1ms)
				RefreshPlugins (1ms)
				BeforeProcessingInitializeOnLoad (94ms)
				ProcessInitializeOnLoadAttributes (237ms)
				ProcessInitializeOnLoadMethodAttributes (8ms)
				AfterProcessingInitializeOnLoad (5ms)
				EditorAssembliesLoaded (0ms)
			ExecutionOrderSort2 (0ms)
			AwakeInstancesAfterBackupRestoration (7ms)
Platform modules already initialized, skipping
========================================================================
Worker process is ready to serve import requests
Launched and connected shader compiler UnityShaderCompiler.exe after 0.05 seconds
Refreshing native plugins compatible for Editor in 0.51 ms, found 3 plugins.
Preloading 0 native plugins for Editor in 0.00 ms.
Unloading 1912 Unused Serialized files (Serialized files now loaded: 0)
System memory in use before: 86.1 MB.
System memory in use after: 86.2 MB.

Unloading 23 unused Assets to reduce memory usage. Loaded Objects now: 2340.
Total: 4.449500 ms (FindLiveObjects: 0.334000 ms CreateObjectMapping: 0.117500 ms MarkObjects: 3.892500 ms  DeleteObjects: 0.104100 ms)

AssetImportParameters requested are different than current active one (requested -> active):
  custom:framework-win-MediaFoundation: 216162199b28c13a410421893ffa2e32 -> 
  custom:video-decoder-ogg-theora: a1e56fd34408186e4bbccfd4996cb3dc -> 
  custom:container-muxer-webm: aa71ff27fc2769a1b78a27578f13a17b -> 
  custom:container-demuxer-webm: 4f35f7cbe854078d1ac9338744f61a02 -> 
  custom:container-demuxer-ogg: 62fdf1f143b41e24485cea50d1cbac27 -> 
  custom:video-encoder-webm-vp8: eb34c28f22e8b96e1ab97ce403110664 -> 
  custom:video-decoder-webm-vp8: 9c59270c3fd7afecdb556c50c9e8de78 -> 
  custom:audio-decoder-ogg-vorbis: bf7c407c2cedff20999df2af8eb42d56 -> 
  custom:audio-encoder-webm-vorbis: bf7c407c2cedff20999df2af8eb42d56 -> 
========================================================================
Received Import Request.
  path: Assets/New Terrain Material.mat
  artifactKey: Guid(71bb0c9ee8afc3e4c8731a070d7619f2) Importer(815301076,1909f56bfc062723c751e8b465ee728b)
Start importing Assets/New Terrain Material.mat using Guid(71bb0c9ee8afc3e4c8731a070d7619f2) Importer(815301076,1909f56bfc062723c751e8b465ee728b)  -> (artifact id: 'e7cac8b9e3ec5257353dfe6b05100a02') in 0.532875 seconds 
  Import took 0.536995 seconds .

========================================================================
Received Import Request.
  Time since last request: 0.000251 seconds.
  path: Assets/NewLayer.terrainlayer
  artifactKey: Guid(6cc652c239191c545adcfbe01f6a45ee) Importer(815301076,1909f56bfc062723c751e8b465ee728b)
Start importing Assets/NewLayer.terrainlayer using Guid(6cc652c239191c545adcfbe01f6a45ee) Importer(815301076,1909f56bfc062723c751e8b465ee728b)  -> (artifact id: 'cd8139eb9a6c9a23850b4a26d67c54a2') in 0.018704 seconds 
  Import took 0.021648 seconds .

========================================================================
Received Import Request.
  Time since last request: 0.000250 seconds.
  path: Assets/New Terrain.asset
  artifactKey: Guid(d6e5d2ac9cc4bf348bd1e6cf29840ed8) Importer(815301076,1909f56bfc062723c751e8b465ee728b)
Start importing Assets/New Terrain.asset using Guid(d6e5d2ac9cc4bf348bd1e6cf29840ed8) Importer(815301076,1909f56bfc062723c751e8b465ee728b)  -> (artifact id: '617a48a9bbedb9578220668b9e039049') in 0.136592 seconds 
  Import took 0.140004 seconds .

========================================================================
Received Import Request.
  Time since last request: 0.000276 seconds.
  path: Assets/NewLayer 1.terrainlayer
  artifactKey: Guid(6949d3b457aee0741849ff65aa014a4f) Importer(815301076,1909f56bfc062723c751e8b465ee728b)
Start importing Assets/NewLayer 1.terrainlayer using Guid(6949d3b457aee0741849ff65aa014a4f) Importer(815301076,1909f56bfc062723c751e8b465ee728b)  -> (artifact id: '50b4b9cdd1c90afd9fc9bdf08e97d921') in 0.020237 seconds 
  Import took 0.023545 seconds .

========================================================================
Received Import Request.
  Time since last request: 0.000253 seconds.
  path: Assets/TerrainData_986dd1fb-b3ef-4240-9a66-142f450179dd.asset
  artifactKey: Guid(df31137893316144cbcdd4f2b565ba52) Importer(815301076,1909f56bfc062723c751e8b465ee728b)
Start importing Assets/TerrainData_986dd1fb-b3ef-4240-9a66-142f450179dd.asset using Guid(df31137893316144cbcdd4f2b565ba52) Importer(815301076,1909f56bfc062723c751e8b465ee728b)  -> (artifact id: '19e7ae4a7453f5906887510663975a49') in 0.011257 seconds 
  Import took 0.015296 seconds .

========================================================================
Received Import Request.
  Time since last request: 410.955161 seconds.
  path: Assets/_TerrainAutoUpgrade
  artifactKey: Guid(3098b1959ee3c644eb5e73b821833203) Importer(815301076,1909f56bfc062723c751e8b465ee728b)
Start importing Assets/_TerrainAutoUpgrade using Guid(3098b1959ee3c644eb5e73b821833203) Importer(815301076,1909f56bfc062723c751e8b465ee728b)  -> (artifact id: 'eb9cc5fda8df81f8beca9a22738f5033') in 0.003208 seconds 
  Import took 0.007173 seconds .

========================================================================
Received Import Request.
  Time since last request: 2.097082 seconds.
  path: Assets/_TerrainAutoUpgrade/layer_Grass01_BigUVd261c09ae55ba1e3.terrainlayer
  artifactKey: Guid(724f1d83032271c4ca00f03ad4d0c749) Importer(815301076,1909f56bfc062723c751e8b465ee728b)
Start importing Assets/_TerrainAutoUpgrade/layer_Grass01_BigUVd261c09ae55ba1e3.terrainlayer using Guid(724f1d83032271c4ca00f03ad4d0c749) Importer(815301076,1909f56bfc062723c751e8b465ee728b)  -> (artifact id: 'f115e03b2746e261552d48eeed158147') in 0.031138 seconds 
  Import took 0.034843 seconds .

========================================================================
Received Import Request.
  Time since last request: 0.921591 seconds.
  path: Assets/地圖
  artifactKey: Guid(cb75938fbccb17944bae5e3883e5499c) Importer(815301076,1909f56bfc062723c751e8b465ee728b)
Start importing Assets/地圖 using Guid(cb75938fbccb17944bae5e3883e5499c) Importer(815301076,1909f56bfc062723c751e8b465ee728b)  -> (artifact id: 'd8b6db5ab37da69cc5eb16db8519c1af') in 0.002401 seconds 
  Import took 0.006133 seconds .

========================================================================
Received Import Request.
  Time since last request: 0.823376 seconds.
  path: Assets/地圖/場景.unity
  artifactKey: Guid(9fc0d4010bbf28b4594072e72b8655ab) Importer(815301076,1909f56bfc062723c751e8b465ee728b)
Start importing Assets/地圖/場景.unity using Guid(9fc0d4010bbf28b4594072e72b8655ab) Importer(815301076,1909f56bfc062723c751e8b465ee728b)  -> (artifact id: '031b49883e7db0d7099c4f142fc396ea') in 0.002768 seconds 
  Import took 0.006298 seconds .

========================================================================
Received Import Request.
  Time since last request: 18.440303 seconds.
  path: Assets/GrassFlowers/Post-Processing For GrassFlowers.asset
  artifactKey: Guid(150fbd13cfcddb34ebc82b228a769165) Importer(815301076,1909f56bfc062723c751e8b465ee728b)
Start importing Assets/GrassFlowers/Post-Processing For GrassFlowers.asset using Guid(150fbd13cfcddb34ebc82b228a769165) Importer(815301076,1909f56bfc062723c751e8b465ee728b)  -> (artifact id: '82330d328fb7c6f3c7986a64baf6dcf2') in 0.003106 seconds 
  Import took 0.006278 seconds .

========================================================================
Received Import Request.
  Time since last request: 83.976272 seconds.
  path: Assets/UndeadAsset/Prefabs
  artifactKey: Guid(c8b78f9dc05c2894494c986452eaf06f) Importer(815301076,1909f56bfc062723c751e8b465ee728b)
Start importing Assets/UndeadAsset/Prefabs using Guid(c8b78f9dc05c2894494c986452eaf06f) Importer(815301076,1909f56bfc062723c751e8b465ee728b)  -> (artifact id: 'eab5b7991e6c96ffbd149238d2456ca3') in 0.002419 seconds 
  Import took 0.006001 seconds .

========================================================================
Received Import Request.
  Time since last request: 0.968951 seconds.
  path: Assets/UndeadAsset/Prefabs/Character
  artifactKey: Guid(069ce388c1cb65e4eb0cb9f60206ffcc) Importer(815301076,1909f56bfc062723c751e8b465ee728b)
Start importing Assets/UndeadAsset/Prefabs/Character using Guid(069ce388c1cb65e4eb0cb9f60206ffcc) Importer(815301076,1909f56bfc062723c751e8b465ee728b)  -> (artifact id: '5cb7d84723db14d94bfaf6d769e0b7b7') in 0.002224 seconds 
  Import took 0.006008 seconds .

========================================================================
Received Import Request.
  Time since last request: 0.118493 seconds.
  path: Assets/UndeadAsset/Prefabs/Character/SkeletonLich.prefab
  artifactKey: Guid(4b9b4dd6b7633d44c9d2f1275fd92055) Importer(815301076,1909f56bfc062723c751e8b465ee728b)
Start importing Assets/UndeadAsset/Prefabs/Character/SkeletonLich.prefab using Guid(4b9b4dd6b7633d44c9d2f1275fd92055) Importer(815301076,1909f56bfc062723c751e8b465ee728b)  -> (artifact id: '9fef70370767bc08aa4c89e88fce60ab') in 0.196014 seconds 
  Import took 0.201574 seconds .

========================================================================
Received Import Request.
  Time since last request: 0.000364 seconds.
  path: Assets/UndeadAsset/Prefabs/Character/SkeletonWarrior.prefab
  artifactKey: Guid(94025afe18059204e901d3bec7d70224) Importer(815301076,1909f56bfc062723c751e8b465ee728b)
Start importing Assets/UndeadAsset/Prefabs/Character/SkeletonWarrior.prefab using Guid(94025afe18059204e901d3bec7d70224) Importer(815301076,1909f56bfc062723c751e8b465ee728b)  -> (artifact id: '564e42aa5457aa5c9f7fe8bfe2066fee') in 0.049131 seconds 
  Import took 0.054412 seconds .

========================================================================
Received Import Request.
  Time since last request: 0.000288 seconds.
  path: Assets/UndeadAsset/Prefabs/Character/SkeletonLich_II.prefab
  artifactKey: Guid(70b0d7633fc22d1419fe332a014ce87e) Importer(815301076,1909f56bfc062723c751e8b465ee728b)
Start importing Assets/UndeadAsset/Prefabs/Character/SkeletonLich_II.prefab using Guid(70b0d7633fc22d1419fe332a014ce87e) Importer(815301076,1909f56bfc062723c751e8b465ee728b)  -> (artifact id: '0dc8cde8b4b7283363689bdd9e25e98c') in 0.052062 seconds 
  Import took 0.058556 seconds .

========================================================================
Received Import Request.
  Time since last request: 0.000304 seconds.
  path: Assets/UndeadAsset/Prefabs/Character/SkeletonWarrior_II.prefab
  artifactKey: Guid(0d79204046abd4c49b61c1bd053f8c61) Importer(815301076,1909f56bfc062723c751e8b465ee728b)
Start importing Assets/UndeadAsset/Prefabs/Character/SkeletonWarrior_II.prefab using Guid(0d79204046abd4c49b61c1bd053f8c61) Importer(815301076,1909f56bfc062723c751e8b465ee728b)  -> (artifact id: 'de6cd41f8e98a0ccb9340e613e88e9a4') in 0.053097 seconds 
  Import took 0.058044 seconds .

========================================================================
Received Import Request.
  Time since last request: 0.000260 seconds.
  path: Assets/UndeadAsset/Prefabs/Character/Wraith.prefab
  artifactKey: Guid(9257ae217dd1b404c845ae1f178cbfd8) Importer(815301076,1909f56bfc062723c751e8b465ee728b)
Start importing Assets/UndeadAsset/Prefabs/Character/Wraith.prefab using Guid(9257ae217dd1b404c845ae1f178cbfd8) Importer(815301076,1909f56bfc062723c751e8b465ee728b)  -> (artifact id: '5481f177c1ed0fdaee6ce537c60bae9b') in 0.055699 seconds 
  Import took 0.064647 seconds .

========================================================================
Received Import Request.
  Time since last request: 0.000646 seconds.
  path: Assets/UndeadAsset/Prefabs/Character/Wraith_II.prefab
  artifactKey: Guid(06b5c058b87339541a56cdd22b4e8670) Importer(815301076,1909f56bfc062723c751e8b465ee728b)
Start importing Assets/UndeadAsset/Prefabs/Character/Wraith_II.prefab using Guid(06b5c058b87339541a56cdd22b4e8670) Importer(815301076,1909f56bfc062723c751e8b465ee728b)  -> (artifact id: '5d3d5666c4a60070426accfc12571293') in 0.024023 seconds 
  Import took 0.030863 seconds .

========================================================================
Received Import Request.
  Time since last request: 47.285542 seconds.
  path: Assets/UndeadAsset/Prefabs/Weapons/AxeBroken.prefab
  artifactKey: Guid(ca92cad5fc837c44181f97e67e9cc297) Importer(815301076,1909f56bfc062723c751e8b465ee728b)
Start importing Assets/UndeadAsset/Prefabs/Weapons/AxeBroken.prefab using Guid(ca92cad5fc837c44181f97e67e9cc297) Importer(815301076,1909f56bfc062723c751e8b465ee728b)  -> (artifact id: 'f764a3a2cd48f18353365573c72c36f2') in 0.010683 seconds 
  Import took 0.014162 seconds .

========================================================================
Received Import Request.
  Time since last request: 0.000353 seconds.
  path: Assets/UndeadAsset/Prefabs/Weapons/ShieldHeater.prefab
  artifactKey: Guid(d1f5881e0b0260b4a9fb930b33c99ccf) Importer(815301076,1909f56bfc062723c751e8b465ee728b)
Start importing Assets/UndeadAsset/Prefabs/Weapons/ShieldHeater.prefab using Guid(d1f5881e0b0260b4a9fb930b33c99ccf) Importer(815301076,1909f56bfc062723c751e8b465ee728b)  -> (artifact id: '611e6a6538fe98cf80dfb3ca83398d06') in 0.022162 seconds 
  Import took 0.025114 seconds .

========================================================================
Received Import Request.
  Time since last request: 0.000346 seconds.
  path: Assets/UndeadAsset/Prefabs/Weapons/ShieldRound.prefab
  artifactKey: Guid(0d2c54ecc12765245aa90ca7d21c556b) Importer(815301076,1909f56bfc062723c751e8b465ee728b)
Start importing Assets/UndeadAsset/Prefabs/Weapons/ShieldRound.prefab using Guid(0d2c54ecc12765245aa90ca7d21c556b) Importer(815301076,1909f56bfc062723c751e8b465ee728b)  -> (artifact id: '8b0dfac50cac9e14714b3214b130f400') in 0.010722 seconds 
  Import took 0.013672 seconds .

========================================================================
Received Import Request.
  Time since last request: 0.000433 seconds.
  path: Assets/UndeadAsset/Prefabs/Weapons/StaffPriest.prefab
  artifactKey: Guid(addae68ef48bf4c4487e95874f9c26c6) Importer(815301076,1909f56bfc062723c751e8b465ee728b)
Start importing Assets/UndeadAsset/Prefabs/Weapons/StaffPriest.prefab using Guid(addae68ef48bf4c4487e95874f9c26c6) Importer(815301076,1909f56bfc062723c751e8b465ee728b)  -> (artifact id: 'a4d1c15f05286714c93cbcb3d53a1670') in 0.011681 seconds 
  Import took 0.015389 seconds .

========================================================================
Received Import Request.
  Time since last request: 0.000327 seconds.
  path: Assets/UndeadAsset/Prefabs/Weapons/Scythe.prefab
  artifactKey: Guid(ddcc9bf1ff04f904c8a31ba932743f4b) Importer(815301076,1909f56bfc062723c751e8b465ee728b)
Start importing Assets/UndeadAsset/Prefabs/Weapons/Scythe.prefab using Guid(ddcc9bf1ff04f904c8a31ba932743f4b) Importer(815301076,1909f56bfc062723c751e8b465ee728b)  -> (artifact id: '154003d424735790b8e2b8f832fdcfb4') in 0.010781 seconds 
  Import took 0.014694 seconds .

========================================================================
Received Import Request.
  Time since last request: 0.000342 seconds.
  path: Assets/UndeadAsset/Prefabs/Weapons/StaffLich.prefab
  artifactKey: Guid(d4e25fa50886fa34e8dc1f2376a35703) Importer(815301076,1909f56bfc062723c751e8b465ee728b)
Start importing Assets/UndeadAsset/Prefabs/Weapons/StaffLich.prefab using Guid(d4e25fa50886fa34e8dc1f2376a35703) Importer(815301076,1909f56bfc062723c751e8b465ee728b)  -> (artifact id: '4e201b351d0f6921b95c9ddb3388b511') in 0.013941 seconds 
  Import took 0.017584 seconds .

========================================================================
Received Import Request.
  Time since last request: 0.000310 seconds.
  path: Assets/UndeadAsset/Prefabs/Weapons/StaffLich_II.prefab
  artifactKey: Guid(b15e2248e460e1b42b99071758594aaf) Importer(815301076,1909f56bfc062723c751e8b465ee728b)
Start importing Assets/UndeadAsset/Prefabs/Weapons/StaffLich_II.prefab using Guid(b15e2248e460e1b42b99071758594aaf) Importer(815301076,1909f56bfc062723c751e8b465ee728b)  -> (artifact id: '8dc960a6d83cbc66c04f04d79df2b446') in 0.013698 seconds 
  Import took 0.018409 seconds .

========================================================================
Received Import Request.
  Time since last request: 0.000334 seconds.
  path: Assets/UndeadAsset/Prefabs/Weapons/SwordBroken.prefab
  artifactKey: Guid(4f27320a171e6b14faeeafcb26276f77) Importer(815301076,1909f56bfc062723c751e8b465ee728b)
Start importing Assets/UndeadAsset/Prefabs/Weapons/SwordBroken.prefab using Guid(4f27320a171e6b14faeeafcb26276f77) Importer(815301076,1909f56bfc062723c751e8b465ee728b)  -> (artifact id: '21b5335dcdd1dc766889a49e9b13152b') in 0.013681 seconds 
  Import took 0.017730 seconds .

========================================================================
Received Import Request.
  Time since last request: 1.004114 seconds.
  path: Assets/UndeadAsset/Textures/colors.png
  artifactKey: Guid(eef7977e8af132844bd2a029ef3e217a) Importer(815301076,1909f56bfc062723c751e8b465ee728b)
Start importing Assets/UndeadAsset/Textures/colors.png using Guid(eef7977e8af132844bd2a029ef3e217a) Importer(815301076,1909f56bfc062723c751e8b465ee728b)  -> (artifact id: '5e3fe269ced78705d4e5c5ff58b2e8db') in 0.082844 seconds 
  Import took 0.086492 seconds .

========================================================================
Received Import Request.
  Time since last request: 69.384854 seconds.
  path: Assets/UndeadAsset/Material/MainUV.mat
  artifactKey: Guid(78b245d1173626a439d1f58dfaf3d063) Importer(815301076,1909f56bfc062723c751e8b465ee728b)
Start importing Assets/UndeadAsset/Material/MainUV.mat using Guid(78b245d1173626a439d1f58dfaf3d063) Importer(815301076,1909f56bfc062723c751e8b465ee728b)  -> (artifact id: '853c1f5fae7301492bdcc5adf8b9ce0d') in 0.011199 seconds 
  Import took 0.014576 seconds .

========================================================================
Received Import Request.
  Time since last request: 113.848337 seconds.
  path: Assets/UndeadAsset/Model/Character
  artifactKey: Guid(eed395b866a953e4bb833d4998e3105c) Importer(815301076,1909f56bfc062723c751e8b465ee728b)
Start importing Assets/UndeadAsset/Model/Character using Guid(eed395b866a953e4bb833d4998e3105c) Importer(815301076,1909f56bfc062723c751e8b465ee728b)  -> (artifact id: '792c3176fb5179b9ec228151d84a71df') in 0.002056 seconds 
  Import took 0.005674 seconds .

========================================================================
Received Import Request.
  Time since last request: 0.263613 seconds.
  path: Assets/UndeadAsset/Model/Character/SkeletonLich.fbx
  artifactKey: Guid(b1d6781c4e3f65b478c606e5850bcd9c) Importer(815301076,1909f56bfc062723c751e8b465ee728b)
Start importing Assets/UndeadAsset/Model/Character/SkeletonLich.fbx using Guid(b1d6781c4e3f65b478c606e5850bcd9c) Importer(815301076,1909f56bfc062723c751e8b465ee728b)  -> (artifact id: '548417dc2cb0286c6f4d183520646551') in 0.120064 seconds 
  Import took 0.123983 seconds .

========================================================================
Received Import Request.
  Time since last request: 0.000383 seconds.
  path: Assets/UndeadAsset/Model/Character/Wraith.fbx
  artifactKey: Guid(b19b172a6e956d34cb003b7befa2af53) Importer(815301076,1909f56bfc062723c751e8b465ee728b)
Start importing Assets/UndeadAsset/Model/Character/Wraith.fbx using Guid(b19b172a6e956d34cb003b7befa2af53) Importer(815301076,1909f56bfc062723c751e8b465ee728b)  -> (artifact id: '3d75794957dcebf9faa2b665ab5a0028') in 0.044079 seconds 
  Import took 0.047374 seconds .

========================================================================
Received Import Request.
  Time since last request: 0.000224 seconds.
  path: Assets/UndeadAsset/Model/Character/SkeletonWarrior.fbx
  artifactKey: Guid(1b44462acaa1c2a42851a50d7bd6e5ec) Importer(815301076,1909f56bfc062723c751e8b465ee728b)
Start importing Assets/UndeadAsset/Model/Character/SkeletonWarrior.fbx using Guid(1b44462acaa1c2a42851a50d7bd6e5ec) Importer(815301076,1909f56bfc062723c751e8b465ee728b)  -> (artifact id: 'b537dbd6573e18c4aebc114d19329bb6') in 0.057741 seconds 
  Import took 0.060827 seconds .

========================================================================
Received Import Request.
  Time since last request: 0.000296 seconds.
  path: Assets/UndeadAsset/Model/Character/SkeletonLich_II.fbx
  artifactKey: Guid(08efc9727b654e347a68239e7bf49790) Importer(815301076,1909f56bfc062723c751e8b465ee728b)
Start importing Assets/UndeadAsset/Model/Character/SkeletonLich_II.fbx using Guid(08efc9727b654e347a68239e7bf49790) Importer(815301076,1909f56bfc062723c751e8b465ee728b)  -> (artifact id: 'a13776c939b6caf4ab50c73566174e55') in 0.043967 seconds 
  Import took 0.047612 seconds .

========================================================================
Received Import Request.
  Time since last request: 0.000396 seconds.
  path: Assets/UndeadAsset/Model/Character/SkeletonWarrior_II.fbx
  artifactKey: Guid(d6396a21f90ccf449b1abe9c920b0843) Importer(815301076,1909f56bfc062723c751e8b465ee728b)
Start importing Assets/UndeadAsset/Model/Character/SkeletonWarrior_II.fbx using Guid(d6396a21f90ccf449b1abe9c920b0843) Importer(815301076,1909f56bfc062723c751e8b465ee728b)  -> (artifact id: '0ebca6bb0fd749646169fcf663529803') in 0.032899 seconds 
  Import took 0.036220 seconds .

========================================================================
Received Import Request.
  Time since last request: 0.000352 seconds.
  path: Assets/UndeadAsset/Model/Character/Wraith_II.fbx
  artifactKey: Guid(1867c25d07db89143a983896aff769a7) Importer(815301076,1909f56bfc062723c751e8b465ee728b)
Start importing Assets/UndeadAsset/Model/Character/Wraith_II.fbx using Guid(1867c25d07db89143a983896aff769a7) Importer(815301076,1909f56bfc062723c751e8b465ee728b)  -> (artifact id: '28272e0a30283e78c7f274645d6815c3') in 0.032540 seconds 
  Import took 0.035681 seconds .

========================================================================
Received Import Request.
  Time since last request: 350.213347 seconds.
  path: Assets/Invector-3rdPersonController_LITE/3D Models
  artifactKey: Guid(df7a237ce1e4b05448d6e510b58bfa45) Importer(815301076,1909f56bfc062723c751e8b465ee728b)
Start importing Assets/Invector-3rdPersonController_LITE/3D Models using Guid(df7a237ce1e4b05448d6e510b58bfa45) Importer(815301076,1909f56bfc062723c751e8b465ee728b)  -> (artifact id: '3e3a78a7e91abfedb64f4cfaf25d1fcb') in 0.003020 seconds 
  Import took 0.006910 seconds .

========================================================================
Received Import Request.
  Time since last request: 7.876931 seconds.
  path: Assets/Invector-3rdPersonController_LITE/Audio/pickup.wav
  artifactKey: Guid(72166633b9a33df49b1c7dd46a212eb4) Importer(815301076,1909f56bfc062723c751e8b465ee728b)
Start importing Assets/Invector-3rdPersonController_LITE/Audio/pickup.wav using Guid(72166633b9a33df49b1c7dd46a212eb4) Importer(815301076,1909f56bfc062723c751e8b465ee728b)  -> (artifact id: '42a1b35e3206ee5ba3afb9d2aa0d304a') in 0.028689 seconds 
  Import took 0.032013 seconds .

========================================================================
Received Import Request.
  Time since last request: 0.632537 seconds.
  path: Assets/Invector-3rdPersonController_LITE/Prefabs/ThirdPersonController_LITE.prefab
  artifactKey: Guid(fc9b148a2950aaf4cba8422632222c5d) Importer(815301076,1909f56bfc062723c751e8b465ee728b)
Start importing Assets/Invector-3rdPersonController_LITE/Prefabs/ThirdPersonController_LITE.prefab using Guid(fc9b148a2950aaf4cba8422632222c5d) Importer(815301076,1909f56bfc062723c751e8b465ee728b)  -> (artifact id: '853f31f8f8ef77aee1548a4661f821c8') in 0.124165 seconds 
  Import took 0.130794 seconds .

========================================================================
Received Import Request.
  Time since last request: 0.000456 seconds.
  path: Assets/Invector-3rdPersonController_LITE/Prefabs/vThirdPersonCamera_LITE.prefab
  artifactKey: Guid(330efb0e9eed825408809c121441b8a5) Importer(815301076,1909f56bfc062723c751e8b465ee728b)
Start importing Assets/Invector-3rdPersonController_LITE/Prefabs/vThirdPersonCamera_LITE.prefab using Guid(330efb0e9eed825408809c121441b8a5) Importer(815301076,1909f56bfc062723c751e8b465ee728b)  -> (artifact id: 'ca0842ff74850391b37058765dc6a10a') in 0.006543 seconds 
  Import took 0.010525 seconds .

========================================================================
Received Prepare
Registering precompiled user dll's ...
Registered in 0.004704 seconds.
Begin MonoManager ReloadAssembly
Native extension for WindowsStandalone target not found
Native extension for WebGL target not found
Refreshing native plugins compatible for Editor in 0.50 ms, found 3 plugins.
Preloading 0 native plugins for Editor in 0.00 ms.
Mono: successfully reloaded assembly
- Completed reload, in  1.024 seconds
Domain Reload Profiling:
	ReloadAssembly (1025ms)
		BeginReloadAssembly (107ms)
			ExecutionOrderSort (0ms)
			DisableScriptedObjects (4ms)
			BackupInstance (0ms)
			ReleaseScriptingObjects (0ms)
			CreateAndSetChildDomain (36ms)
		EndReloadAssembly (858ms)
			LoadAssemblies (88ms)
			RebuildTransferFunctionScriptingTraits (0ms)
			SetupTypeCache (299ms)
			ReleaseScriptCaches (1ms)
			RebuildScriptCaches (43ms)
			SetupLoadedEditorAssemblies (305ms)
				LogAssemblyErrors (0ms)
				InitializePlatformSupportModulesInManaged (6ms)
				SetLoadedEditorAssemblies (1ms)
				RefreshPlugins (1ms)
				BeforeProcessingInitializeOnLoad (81ms)
				ProcessInitializeOnLoadAttributes (205ms)
				ProcessInitializeOnLoadMethodAttributes (7ms)
				AfterProcessingInitializeOnLoad (5ms)
				EditorAssembliesLoaded (0ms)
			ExecutionOrderSort2 (0ms)
			AwakeInstancesAfterBackupRestoration (6ms)
Platform modules already initialized, skipping
Refreshing native plugins compatible for Editor in 0.48 ms, found 3 plugins.
Preloading 0 native plugins for Editor in 0.00 ms.
Unloading 1872 Unused Serialized files (Serialized files now loaded: 0)
System memory in use before: 112.2 MB.
System memory in use after: 112.4 MB.

Unloading 19 unused Assets to reduce memory usage. Loaded Objects now: 2410.
Total: 2.942600 ms (FindLiveObjects: 0.143200 ms CreateObjectMapping: 0.054500 ms MarkObjects: 2.670900 ms  DeleteObjects: 0.073300 ms)

AssetImportParameters requested are different than current active one (requested -> active):
  custom:framework-win-MediaFoundation: 216162199b28c13a410421893ffa2e32 -> 
  custom:video-decoder-ogg-theora: a1e56fd34408186e4bbccfd4996cb3dc -> 
  custom:container-muxer-webm: aa71ff27fc2769a1b78a27578f13a17b -> 
  custom:container-demuxer-webm: 4f35f7cbe854078d1ac9338744f61a02 -> 
  custom:container-demuxer-ogg: 62fdf1f143b41e24485cea50d1cbac27 -> 
  custom:video-encoder-webm-vp8: eb34c28f22e8b96e1ab97ce403110664 -> 
  custom:video-decoder-webm-vp8: 9c59270c3fd7afecdb556c50c9e8de78 -> 
  custom:audio-decoder-ogg-vorbis: bf7c407c2cedff20999df2af8eb42d56 -> 
  custom:audio-encoder-webm-vorbis: bf7c407c2cedff20999df2af8eb42d56 -> 
========================================================================
Received Import Request.
  Time since last request: 181.152438 seconds.
  path: Assets/Invector-3rdPersonController_LITE/Resources/banner.png
  artifactKey: Guid(6645ecd309a2a99439549c5cc7b2e480) Importer(815301076,1909f56bfc062723c751e8b465ee728b)
Start importing Assets/Invector-3rdPersonController_LITE/Resources/banner.png using Guid(6645ecd309a2a99439549c5cc7b2e480) Importer(815301076,1909f56bfc062723c751e8b465ee728b)  -> (artifact id: '8791377a2c9f42d51e0c209192224ac3') in 0.038107 seconds 
  Import took 0.041390 seconds .

========================================================================
Received Import Request.
  Time since last request: 0.000384 seconds.
  path: Assets/Invector-3rdPersonController_LITE/Resources/BarBg.png
  artifactKey: Guid(0085f005184a4064690308838d1f3c3a) Importer(815301076,1909f56bfc062723c751e8b465ee728b)
Start importing Assets/Invector-3rdPersonController_LITE/Resources/BarBg.png using Guid(0085f005184a4064690308838d1f3c3a) Importer(815301076,1909f56bfc062723c751e8b465ee728b)  -> (artifact id: '95f55efe9839fee3635238b35e952f04') in 0.029183 seconds 
  Import took 0.032205 seconds .

========================================================================
Received Import Request.
  Time since last request: 0.000235 seconds.
  path: Assets/Invector-3rdPersonController_LITE/Resources/builderAddon.png
  artifactKey: Guid(e292a6d3c6f4e7640849f34d8ba9dd4c) Importer(815301076,1909f56bfc062723c751e8b465ee728b)
Start importing Assets/Invector-3rdPersonController_LITE/Resources/builderAddon.png using Guid(e292a6d3c6f4e7640849f34d8ba9dd4c) Importer(815301076,1909f56bfc062723c751e8b465ee728b)  -> (artifact id: '9aa366aa86ee67a1ec4e9bd3c29ba24a') in 0.009945 seconds 
  Import took 0.012872 seconds .

========================================================================
Received Import Request.
  Time since last request: 0.000260 seconds.
  path: Assets/Invector-3rdPersonController_LITE/Resources/climbAddon.png
  artifactKey: Guid(7dab9951a4483be4c9d25bc3e32f9f85) Importer(815301076,1909f56bfc062723c751e8b465ee728b)
Start importing Assets/Invector-3rdPersonController_LITE/Resources/climbAddon.png using Guid(7dab9951a4483be4c9d25bc3e32f9f85) Importer(815301076,1909f56bfc062723c751e8b465ee728b)  -> (artifact id: 'f6b2959f665d9624d7a7d5ba73b08ab8') in 0.012676 seconds 
  Import took 0.015563 seconds .

========================================================================
Received Import Request.
  Time since last request: 0.000302 seconds.
  path: Assets/Invector-3rdPersonController_LITE/Resources/clickToMoveIcon.png
  artifactKey: Guid(6f4828d9e447f524f8fdc4f4fe331c0d) Importer(815301076,1909f56bfc062723c751e8b465ee728b)
Start importing Assets/Invector-3rdPersonController_LITE/Resources/clickToMoveIcon.png using Guid(6f4828d9e447f524f8fdc4f4fe331c0d) Importer(815301076,1909f56bfc062723c751e8b465ee728b)  -> (artifact id: '2575560c6c82ca5124d6da8a9d858961') in 0.010031 seconds 
  Import took 0.013446 seconds .

========================================================================
Received Import Request.
  Time since last request: 0.000285 seconds.
  path: Assets/Invector-3rdPersonController_LITE/Resources/BoxHover.png
  artifactKey: Guid(66ea7f6b43ba67c438c6ecebcc5a5c0c) Importer(815301076,1909f56bfc062723c751e8b465ee728b)
Start importing Assets/Invector-3rdPersonController_LITE/Resources/BoxHover.png using Guid(66ea7f6b43ba67c438c6ecebcc5a5c0c) Importer(815301076,1909f56bfc062723c751e8b465ee728b)  -> (artifact id: 'd2ebaec4c4feda9832c538ecfc8c815f') in 0.011716 seconds 
  Import took 0.014959 seconds .

========================================================================
Received Import Request.
  Time since last request: 0.000337 seconds.
  path: Assets/Invector-3rdPersonController_LITE/Resources/basicLogo.png
  artifactKey: Guid(f75e2b1809ad796469251378de80ccb1) Importer(815301076,1909f56bfc062723c751e8b465ee728b)
Start importing Assets/Invector-3rdPersonController_LITE/Resources/basicLogo.png using Guid(f75e2b1809ad796469251378de80ccb1) Importer(815301076,1909f56bfc062723c751e8b465ee728b)  -> (artifact id: '7acc51876f241186f0a83f6b54666d5b') in 0.027813 seconds 
  Import took 0.031625 seconds .

========================================================================
Received Import Request.
  Time since last request: 0.000306 seconds.
  path: Assets/Invector-3rdPersonController_LITE/Resources/button_skin.png
  artifactKey: Guid(402805c5625269b49beb34649a86a4d1) Importer(815301076,1909f56bfc062723c751e8b465ee728b)
Start importing Assets/Invector-3rdPersonController_LITE/Resources/button_skin.png using Guid(402805c5625269b49beb34649a86a4d1) Importer(815301076,1909f56bfc062723c751e8b465ee728b)  -> (artifact id: 'dba19ece27c0018e576ba5dff700e4f1') in 0.022787 seconds 
  Import took 0.026299 seconds .

========================================================================
Received Import Request.
  Time since last request: 0.000247 seconds.
  path: Assets/Invector-3rdPersonController_LITE/Resources/BebasKai-Regular.otf
  artifactKey: Guid(a8f74dbf0f81e504bbbdf3f6063e1047) Importer(815301076,1909f56bfc062723c751e8b465ee728b)
Start importing Assets/Invector-3rdPersonController_LITE/Resources/BebasKai-Regular.otf using Guid(a8f74dbf0f81e504bbbdf3f6063e1047) Importer(815301076,1909f56bfc062723c751e8b465ee728b)  -> (artifact id: '6ffc48587e7901f65745a51270de973c') in 0.055353 seconds 
  Import took 0.058760 seconds .

========================================================================
Received Import Request.
  Time since last request: 0.000407 seconds.
  path: Assets/Invector-3rdPersonController_LITE/Resources/Box.png
  artifactKey: Guid(74661375bb0a1fd42bb3297c24c9e2c5) Importer(815301076,1909f56bfc062723c751e8b465ee728b)
Start importing Assets/Invector-3rdPersonController_LITE/Resources/Box.png using Guid(74661375bb0a1fd42bb3297c24c9e2c5) Importer(815301076,1909f56bfc062723c751e8b465ee728b)  -> (artifact id: '1124ffe1a9b0593ee13bdc918b0192e2') in 0.008130 seconds 
  Import took 0.012020 seconds .

========================================================================
Received Import Request.
  Time since last request: 0.000272 seconds.
  path: Assets/Invector-3rdPersonController_LITE/Resources/boxLight.png
  artifactKey: Guid(9343ecc466b190245b24789e1fc2f085) Importer(815301076,1909f56bfc062723c751e8b465ee728b)
Start importing Assets/Invector-3rdPersonController_LITE/Resources/boxLight.png using Guid(9343ecc466b190245b24789e1fc2f085) Importer(815301076,1909f56bfc062723c751e8b465ee728b)  -> (artifact id: '3d31f00464648fbc82c4d3a9c3683924') in 0.012631 seconds 
  Import took 0.016036 seconds .

========================================================================
Received Import Request.
  Time since last request: 0.000257 seconds.
  path: Assets/Invector-3rdPersonController_LITE/Resources/BoxShadown.png
  artifactKey: Guid(619921f8b2787f54e8198bd8b9b6ef0b) Importer(815301076,1909f56bfc062723c751e8b465ee728b)
Start importing Assets/Invector-3rdPersonController_LITE/Resources/BoxShadown.png using Guid(619921f8b2787f54e8198bd8b9b6ef0b) Importer(815301076,1909f56bfc062723c751e8b465ee728b)  -> (artifact id: '8a88a7d9f36882f51af3f10b3150a698') in 0.023227 seconds 
  Import took 0.026286 seconds .

========================================================================
Received Import Request.
  Time since last request: 9.198907 seconds.
  path: Assets/UndeadAsset/Model/Weapons/AxeBroken.fbx
  artifactKey: Guid(78d1a63580243484e96b64b94038a9ae) Importer(815301076,1909f56bfc062723c751e8b465ee728b)
Start importing Assets/UndeadAsset/Model/Weapons/AxeBroken.fbx using Guid(78d1a63580243484e96b64b94038a9ae) Importer(815301076,1909f56bfc062723c751e8b465ee728b)  -> (artifact id: '86423722c3f81677af6b35c884e79d0f') in 0.036496 seconds 
  Import took 0.039682 seconds .

========================================================================
Received Import Request.
  Time since last request: 0.000390 seconds.
  path: Assets/UndeadAsset/Model/Weapons/Scythe.fbx
  artifactKey: Guid(1c0be8a813bb65941bcb6527be223a1b) Importer(815301076,1909f56bfc062723c751e8b465ee728b)
Start importing Assets/UndeadAsset/Model/Weapons/Scythe.fbx using Guid(1c0be8a813bb65941bcb6527be223a1b) Importer(815301076,1909f56bfc062723c751e8b465ee728b)  -> (artifact id: '0e2a58c471369b282ec9a460a09df694') in 0.032755 seconds 
  Import took 0.035448 seconds .

========================================================================
Received Import Request.
  Time since last request: 0.000241 seconds.
  path: Assets/UndeadAsset/Model/Weapons/StaffPriest.fbx
  artifactKey: Guid(175eb390c88d1554e943530485726ff5) Importer(815301076,1909f56bfc062723c751e8b465ee728b)
Start importing Assets/UndeadAsset/Model/Weapons/StaffPriest.fbx using Guid(175eb390c88d1554e943530485726ff5) Importer(815301076,1909f56bfc062723c751e8b465ee728b)  -> (artifact id: 'cc55392cb39d4648fbfa8e47ef1cb096') in 0.031641 seconds 
  Import took 0.034468 seconds .

========================================================================
Received Import Request.
  Time since last request: 0.000266 seconds.
  path: Assets/UndeadAsset/Model/Weapons/ShieldHeater.fbx
  artifactKey: Guid(62b8b3637d92a9b4f83f6ec032b65fa5) Importer(815301076,1909f56bfc062723c751e8b465ee728b)
Start importing Assets/UndeadAsset/Model/Weapons/ShieldHeater.fbx using Guid(62b8b3637d92a9b4f83f6ec032b65fa5) Importer(815301076,1909f56bfc062723c751e8b465ee728b)  -> (artifact id: '56ab1764c72eb019ac521f51e18b5ff9') in 0.033106 seconds 
  Import took 0.036652 seconds .

========================================================================
Received Import Request.
  Time since last request: 0.000385 seconds.
  path: Assets/UndeadAsset/Model/Weapons/ShieldRound.fbx
  artifactKey: Guid(b56f1633a37f1ad4fa373c4b57238fa4) Importer(815301076,1909f56bfc062723c751e8b465ee728b)
Start importing Assets/UndeadAsset/Model/Weapons/ShieldRound.fbx using Guid(b56f1633a37f1ad4fa373c4b57238fa4) Importer(815301076,1909f56bfc062723c751e8b465ee728b)  -> (artifact id: 'c4154b14ae6140f38e31c87ed4fcef54') in 0.039286 seconds 
  Import took 0.042148 seconds .

========================================================================
Received Import Request.
  Time since last request: 0.000184 seconds.
  path: Assets/UndeadAsset/Model/Weapons/StaffLich_II.fbx
  artifactKey: Guid(c21e33df9281d4540a68628304ec72cf) Importer(815301076,1909f56bfc062723c751e8b465ee728b)
Start importing Assets/UndeadAsset/Model/Weapons/StaffLich_II.fbx using Guid(c21e33df9281d4540a68628304ec72cf) Importer(815301076,1909f56bfc062723c751e8b465ee728b)  -> (artifact id: 'e57af630e27ca053c9211c1402c9afca') in 0.022908 seconds 
  Import took 0.026325 seconds .

========================================================================
Received Import Request.
  Time since last request: 0.000255 seconds.
  path: Assets/UndeadAsset/Model/Weapons/StaffLich.fbx
  artifactKey: Guid(6e0984a35c2a3c84ba9e62ee2f3e0342) Importer(815301076,1909f56bfc062723c751e8b465ee728b)
Start importing Assets/UndeadAsset/Model/Weapons/StaffLich.fbx using Guid(6e0984a35c2a3c84ba9e62ee2f3e0342) Importer(815301076,1909f56bfc062723c751e8b465ee728b)  -> (artifact id: '3eb641aff26f45d952d9e58eebdaaa36') in 0.020490 seconds 
  Import took 0.025327 seconds .

========================================================================
Received Import Request.
  Time since last request: 0.000306 seconds.
  path: Assets/UndeadAsset/Model/Weapons/SwordBroken.fbx
  artifactKey: Guid(af582b6dd7000b24ebc3d7d2a425cab9) Importer(815301076,1909f56bfc062723c751e8b465ee728b)
Start importing Assets/UndeadAsset/Model/Weapons/SwordBroken.fbx using Guid(af582b6dd7000b24ebc3d7d2a425cab9) Importer(815301076,1909f56bfc062723c751e8b465ee728b)  -> (artifact id: 'f80c5b1595c0b723d65a2351e4f36d35') in 0.019679 seconds 
  Import took 0.023766 seconds .

========================================================================
Received Prepare
Registering precompiled user dll's ...
Registered in 0.004819 seconds.
Begin MonoManager ReloadAssembly
Native extension for WindowsStandalone target not found
Native extension for WebGL target not found
Refreshing native plugins compatible for Editor in 0.54 ms, found 3 plugins.
Preloading 0 native plugins for Editor in 0.00 ms.
Mono: successfully reloaded assembly
- Completed reload, in  1.035 seconds
Domain Reload Profiling:
	ReloadAssembly (1035ms)
		BeginReloadAssembly (117ms)
			ExecutionOrderSort (0ms)
			DisableScriptedObjects (4ms)
			BackupInstance (0ms)
			ReleaseScriptingObjects (0ms)
			CreateAndSetChildDomain (36ms)
		EndReloadAssembly (861ms)
			LoadAssemblies (91ms)
			RebuildTransferFunctionScriptingTraits (0ms)
			SetupTypeCache (296ms)
			ReleaseScriptCaches (2ms)
			RebuildScriptCaches (50ms)
			SetupLoadedEditorAssemblies (299ms)
				LogAssemblyErrors (0ms)
				InitializePlatformSupportModulesInManaged (7ms)
				SetLoadedEditorAssemblies (1ms)
				RefreshPlugins (1ms)
				BeforeProcessingInitializeOnLoad (87ms)
				ProcessInitializeOnLoadAttributes (192ms)
				ProcessInitializeOnLoadMethodAttributes (7ms)
				AfterProcessingInitializeOnLoad (5ms)
				EditorAssembliesLoaded (0ms)
			ExecutionOrderSort2 (0ms)
			AwakeInstancesAfterBackupRestoration (6ms)
Platform modules already initialized, skipping
Refreshing native plugins compatible for Editor in 0.56 ms, found 3 plugins.
Preloading 0 native plugins for Editor in 0.00 ms.
Unloading 1872 Unused Serialized files (Serialized files now loaded: 0)
System memory in use before: 112.9 MB.
System memory in use after: 113.0 MB.

Unloading 18 unused Assets to reduce memory usage. Loaded Objects now: 2424.
Total: 3.331900 ms (FindLiveObjects: 0.172800 ms CreateObjectMapping: 0.075100 ms MarkObjects: 3.050700 ms  DeleteObjects: 0.032200 ms)

AssetImportParameters requested are different than current active one (requested -> active):
  custom:framework-win-MediaFoundation: 216162199b28c13a410421893ffa2e32 -> 
  custom:video-decoder-ogg-theora: a1e56fd34408186e4bbccfd4996cb3dc -> 
  custom:container-muxer-webm: aa71ff27fc2769a1b78a27578f13a17b -> 
  custom:container-demuxer-webm: 4f35f7cbe854078d1ac9338744f61a02 -> 
  custom:container-demuxer-ogg: 62fdf1f143b41e24485cea50d1cbac27 -> 
  custom:video-encoder-webm-vp8: eb34c28f22e8b96e1ab97ce403110664 -> 
  custom:video-decoder-webm-vp8: 9c59270c3fd7afecdb556c50c9e8de78 -> 
  custom:audio-decoder-ogg-vorbis: bf7c407c2cedff20999df2af8eb42d56 -> 
  custom:audio-encoder-webm-vorbis: bf7c407c2cedff20999df2af8eb42d56 -> 
========================================================================
Received Import Request.
  Time since last request: 1841.334899 seconds.
  path: Assets/Invector-3rdPersonController_LITE/Resources/customBox.png
  artifactKey: Guid(852a86a871b25ff4ea50a13a4c391999) Importer(815301076,1909f56bfc062723c751e8b465ee728b)
Start importing Assets/Invector-3rdPersonController_LITE/Resources/customBox.png using Guid(852a86a871b25ff4ea50a13a4c391999) Importer(815301076,1909f56bfc062723c751e8b465ee728b)  -> (artifact id: 'a919a24d959381928bfc4f823b61c495') in 0.067530 seconds 
  Import took 0.071292 seconds .

========================================================================
Received Import Request.
  Time since last request: 0.000285 seconds.
  path: Assets/Invector-3rdPersonController_LITE/Resources/hightlightBox.png
  artifactKey: Guid(5dfcf9622f12816418d439efe678683a) Importer(815301076,1909f56bfc062723c751e8b465ee728b)
Start importing Assets/Invector-3rdPersonController_LITE/Resources/hightlightBox.png using Guid(5dfcf9622f12816418d439efe678683a) Importer(815301076,1909f56bfc062723c751e8b465ee728b)  -> (artifact id: '431db950eb7576f0c161e5410e01a1ab') in 0.018855 seconds 
  Import took 0.023467 seconds .

========================================================================
Received Import Request.
  Time since last request: 0.000282 seconds.
  path: Assets/Invector-3rdPersonController_LITE/Resources/logo.png
  artifactKey: Guid(b41c20f228db90a4b8a48d3585f54c4c) Importer(815301076,1909f56bfc062723c751e8b465ee728b)
Start importing Assets/Invector-3rdPersonController_LITE/Resources/logo.png using Guid(b41c20f228db90a4b8a48d3585f54c4c) Importer(815301076,1909f56bfc062723c751e8b465ee728b)  -> (artifact id: 'a560c75e169998b6a527004032336990') in 0.020910 seconds 
  Import took 0.024571 seconds .

========================================================================
Received Import Request.
  Time since last request: 0.000352 seconds.
  path: Assets/Invector-3rdPersonController_LITE/Resources/icon_v2.png
  artifactKey: Guid(0536d8ada72a6ac4695386ea4bcd1ebe) Importer(815301076,1909f56bfc062723c751e8b465ee728b)
Start importing Assets/Invector-3rdPersonController_LITE/Resources/icon_v2.png using Guid(0536d8ada72a6ac4695386ea4bcd1ebe) Importer(815301076,1909f56bfc062723c751e8b465ee728b)  -> (artifact id: 'de83942c23b5e80f8b8ddc1aab03fd82') in 0.020878 seconds 
  Import took 0.025014 seconds .

========================================================================
Received Import Request.
  Time since last request: 2.868935 seconds.
  path: Assets/Invector-3rdPersonController_LITE/Resources/Materials/basicLogo.mat
  artifactKey: Guid(95e8ddafe35d7fa489f1b9ef6bb570d8) Importer(815301076,1909f56bfc062723c751e8b465ee728b)
Start importing Assets/Invector-3rdPersonController_LITE/Resources/Materials/basicLogo.mat using Guid(95e8ddafe35d7fa489f1b9ef6bb570d8) Importer(815301076,1909f56bfc062723c751e8b465ee728b)  -> (artifact id: '24361d41b1f302ca892308207f67c593') in 0.317041 seconds 
  Import took 0.321443 seconds .

========================================================================
Received Import Request.
  Time since last request: 0.000304 seconds.
  path: Assets/Invector-3rdPersonController_LITE/3D Models/Textures/basicTextures/Materials/blockIcon.mat
  artifactKey: Guid(bfbb0dc28d099374ea54992d9c8b94a6) Importer(815301076,1909f56bfc062723c751e8b465ee728b)
Start importing Assets/Invector-3rdPersonController_LITE/3D Models/Textures/basicTextures/Materials/blockIcon.mat using Guid(bfbb0dc28d099374ea54992d9c8b94a6) Importer(815301076,1909f56bfc062723c751e8b465ee728b)  -> (artifact id: '5307057ec5b4ca5fab560d7eacc2ba71') in 0.130317 seconds 
  Import took 0.133925 seconds .

========================================================================
Received Import Request.
  Time since last request: 0.000269 seconds.
  path: Assets/Invector-3rdPersonController_LITE/3D Models/Others/Materials/blue_cube_simple.mat
  artifactKey: Guid(b9c988e3a01f8a34f8cf350e4f566def) Importer(815301076,1909f56bfc062723c751e8b465ee728b)
Start importing Assets/Invector-3rdPersonController_LITE/3D Models/Others/Materials/blue_cube_simple.mat using Guid(b9c988e3a01f8a34f8cf350e4f566def) Importer(815301076,1909f56bfc062723c751e8b465ee728b)  -> (artifact id: '3ba6a3ecca7765ba1752c71ff81d1d6c') in 0.259347 seconds 
  Import took 0.263060 seconds .

========================================================================
Received Import Request.
  Time since last request: 0.000235 seconds.
  path: Assets/Invector-3rdPersonController_LITE/3D Models/Others/Materials/blue_floor_Tiled.mat
  artifactKey: Guid(b5318195f3001224f8d89ed125cd996b) Importer(815301076,1909f56bfc062723c751e8b465ee728b)
Start importing Assets/Invector-3rdPersonController_LITE/3D Models/Others/Materials/blue_floor_Tiled.mat using Guid(b5318195f3001224f8d89ed125cd996b) Importer(815301076,1909f56bfc062723c751e8b465ee728b)  -> (artifact id: '8ea8fcbd20191afa8bde7f473f9757f4') in 0.015972 seconds 
  Import took 0.019886 seconds .

========================================================================
Received Import Request.
  Time since last request: 0.000345 seconds.
  path: Assets/Invector-3rdPersonController_LITE/3D Models/Others/Materials/blue_cube.mat
  artifactKey: Guid(e214d4cadc22d544dae9aa451755af12) Importer(815301076,1909f56bfc062723c751e8b465ee728b)
Start importing Assets/Invector-3rdPersonController_LITE/3D Models/Others/Materials/blue_cube.mat using Guid(e214d4cadc22d544dae9aa451755af12) Importer(815301076,1909f56bfc062723c751e8b465ee728b)  -> (artifact id: '9f4a03543924ef9aa893be7afca2a94e') in 0.012674 seconds 
  Import took 0.016235 seconds .

========================================================================
Received Import Request.
  Time since last request: 0.000297 seconds.
  path: Assets/Invector-3rdPersonController_LITE/3D Models/Others/Materials/blue_door_simple.mat
  artifactKey: Guid(36f46cb6c3aa5b341af66d6edf02bca9) Importer(815301076,1909f56bfc062723c751e8b465ee728b)
Start importing Assets/Invector-3rdPersonController_LITE/3D Models/Others/Materials/blue_door_simple.mat using Guid(36f46cb6c3aa5b341af66d6edf02bca9) Importer(815301076,1909f56bfc062723c751e8b465ee728b)  -> (artifact id: '64784b3ea0bff2d2ccd02fc2d6ca9479') in 0.014545 seconds 
  Import took 0.018070 seconds .

========================================================================
Received Import Request.
  Time since last request: 0.000287 seconds.
  path: Assets/Invector-3rdPersonController_LITE/3D Models/Others/basicSky.mat
  artifactKey: Guid(5c82f5860bd4ab14f9ee7842f7f7e6e2) Importer(815301076,1909f56bfc062723c751e8b465ee728b)
Start importing Assets/Invector-3rdPersonController_LITE/3D Models/Others/basicSky.mat using Guid(5c82f5860bd4ab14f9ee7842f7f7e6e2) Importer(815301076,1909f56bfc062723c751e8b465ee728b)  -> (artifact id: '6ec207c1da937b2e477752395e016233') in 0.097236 seconds 
  Import took 0.100622 seconds .

========================================================================
Received Prepare
Registering precompiled user dll's ...
Registered in 0.004644 seconds.
Begin MonoManager ReloadAssembly
Native extension for WindowsStandalone target not found
Native extension for WebGL target not found
Refreshing native plugins compatible for Editor in 0.48 ms, found 3 plugins.
Preloading 0 native plugins for Editor in 0.00 ms.
Mono: successfully reloaded assembly
- Completed reload, in  1.022 seconds
Domain Reload Profiling:
	ReloadAssembly (1022ms)
		BeginReloadAssembly (105ms)
			ExecutionOrderSort (0ms)
			DisableScriptedObjects (4ms)
			BackupInstance (0ms)
			ReleaseScriptingObjects (0ms)
			CreateAndSetChildDomain (35ms)
		EndReloadAssembly (860ms)
			LoadAssemblies (81ms)
			RebuildTransferFunctionScriptingTraits (0ms)
			SetupTypeCache (281ms)
			ReleaseScriptCaches (1ms)
			RebuildScriptCaches (42ms)
			SetupLoadedEditorAssemblies (360ms)
				LogAssemblyErrors (0ms)
				InitializePlatformSupportModulesInManaged (6ms)
				SetLoadedEditorAssemblies (0ms)
				RefreshPlugins (1ms)
				BeforeProcessingInitializeOnLoad (87ms)
				ProcessInitializeOnLoadAttributes (253ms)
				ProcessInitializeOnLoadMethodAttributes (8ms)
				AfterProcessingInitializeOnLoad (5ms)
				EditorAssembliesLoaded (0ms)
			ExecutionOrderSort2 (0ms)
			AwakeInstancesAfterBackupRestoration (7ms)
Platform modules already initialized, skipping
Refreshing native plugins compatible for Editor in 0.48 ms, found 3 plugins.
Preloading 0 native plugins for Editor in 0.00 ms.
Unloading 1872 Unused Serialized files (Serialized files now loaded: 0)
System memory in use before: 113.0 MB.
System memory in use after: 113.1 MB.

Unloading 18 unused Assets to reduce memory usage. Loaded Objects now: 2433.
Total: 2.977200 ms (FindLiveObjects: 0.166100 ms CreateObjectMapping: 0.065700 ms MarkObjects: 2.699000 ms  DeleteObjects: 0.045200 ms)

AssetImportParameters requested are different than current active one (requested -> active):
  custom:framework-win-MediaFoundation: 216162199b28c13a410421893ffa2e32 -> 
  custom:video-decoder-ogg-theora: a1e56fd34408186e4bbccfd4996cb3dc -> 
  custom:container-muxer-webm: aa71ff27fc2769a1b78a27578f13a17b -> 
  custom:container-demuxer-webm: 4f35f7cbe854078d1ac9338744f61a02 -> 
  custom:container-demuxer-ogg: 62fdf1f143b41e24485cea50d1cbac27 -> 
  custom:video-encoder-webm-vp8: eb34c28f22e8b96e1ab97ce403110664 -> 
  custom:video-decoder-webm-vp8: 9c59270c3fd7afecdb556c50c9e8de78 -> 
  custom:audio-decoder-ogg-vorbis: bf7c407c2cedff20999df2af8eb42d56 -> 
  custom:audio-encoder-webm-vorbis: bf7c407c2cedff20999df2af8eb42d56 -> 
========================================================================
Received Import Request.
  Time since last request: 1117.304800 seconds.
  path: Assets/Invector-3rdPersonController_LITE/3D Models/Characters/Invector@V-Bot 2.0/Textures/Custom/Albedo_body.png
  artifactKey: Guid(ca03125eedefcea41ae3d8ec84727974) Importer(815301076,1909f56bfc062723c751e8b465ee728b)
Start importing Assets/Invector-3rdPersonController_LITE/3D Models/Characters/Invector@V-Bot 2.0/Textures/Custom/Albedo_body.png using Guid(ca03125eedefcea41ae3d8ec84727974) Importer(815301076,1909f56bfc062723c751e8b465ee728b)  -> (artifact id: '24c01f6921a5447842bce2263d49b8ff') in 0.066803 seconds 
  Import took 0.071584 seconds .

========================================================================
Received Import Request.
  Time since last request: 0.000313 seconds.
  path: Assets/Invector-3rdPersonController_LITE/3D Models/Characters/Invector@V-Bot 2.0/Textures/Custom/Albedo_members.png
  artifactKey: Guid(03fa212867eeda149bd1ad9a7c9e57ef) Importer(815301076,1909f56bfc062723c751e8b465ee728b)
Start importing Assets/Invector-3rdPersonController_LITE/3D Models/Characters/Invector@V-Bot 2.0/Textures/Custom/Albedo_members.png using Guid(03fa212867eeda149bd1ad9a7c9e57ef) Importer(815301076,1909f56bfc062723c751e8b465ee728b)  -> (artifact id: '5e7958de5f62b467daf5850bd36013b9') in 0.015667 seconds 
  Import took 0.019860 seconds .

========================================================================
Received Import Request.
  Time since last request: 0.000250 seconds.
  path: Assets/Invector-3rdPersonController_LITE/3D Models/Textures/basicTextures/blockIcon.png
  artifactKey: Guid(498ddc6b2c84e9147b87bfbcc05aecdd) Importer(815301076,1909f56bfc062723c751e8b465ee728b)
Start importing Assets/Invector-3rdPersonController_LITE/3D Models/Textures/basicTextures/blockIcon.png using Guid(498ddc6b2c84e9147b87bfbcc05aecdd) Importer(815301076,1909f56bfc062723c751e8b465ee728b)  -> (artifact id: '34d6c9ea6ecab38a209f707e37d0d0d4') in 0.008883 seconds 
  Import took 0.012816 seconds .

========================================================================
Received Import Request.
  Time since last request: 4.032783 seconds.
  path: Assets/Invector-3rdPersonController_LITE/Scripts/CharacterCreator/Icon/CharacterTemplate.png
  artifactKey: Guid(4bf53de60edd82845b73148913d56195) Importer(815301076,1909f56bfc062723c751e8b465ee728b)
Start importing Assets/Invector-3rdPersonController_LITE/Scripts/CharacterCreator/Icon/CharacterTemplate.png using Guid(4bf53de60edd82845b73148913d56195) Importer(815301076,1909f56bfc062723c751e8b465ee728b)  -> (artifact id: 'cb1918469236c9b58b2c8ec774099968') in 0.009838 seconds 
  Import took 0.014499 seconds .

========================================================================
Received Import Request.
  Time since last request: 0.039605 seconds.
  path: Assets/Blink/Art/Textures/StylizedForestTextures/Cliff_3/Cliff_3_AmbientOcclusion.png
  artifactKey: Guid(120a30f02d4a4654e8aa69ccabedeb3d) Importer(815301076,1909f56bfc062723c751e8b465ee728b)
Start importing Assets/Blink/Art/Textures/StylizedForestTextures/Cliff_3/Cliff_3_AmbientOcclusion.png using Guid(120a30f02d4a4654e8aa69ccabedeb3d) Importer(815301076,1909f56bfc062723c751e8b465ee728b)  -> (artifact id: 'b6057f0f75f6164cb6a7ccaf2824c05b') in 0.012091 seconds 
  Import took 0.015511 seconds .

========================================================================
Received Import Request.
  Time since last request: 0.000331 seconds.
  path: Assets/Blink/Art/Textures/StylizedForestTextures/Cliff_3/Cliff_3_BaseColor.png
  artifactKey: Guid(91e362541b37fe947a8296386e22344f) Importer(815301076,1909f56bfc062723c751e8b465ee728b)
Start importing Assets/Blink/Art/Textures/StylizedForestTextures/Cliff_3/Cliff_3_BaseColor.png using Guid(91e362541b37fe947a8296386e22344f) Importer(815301076,1909f56bfc062723c751e8b465ee728b)  -> (artifact id: 'f74c61d094c0a3508dce5c6993d5e5cd') in 0.010943 seconds 
  Import took 0.013836 seconds .

========================================================================
Received Import Request.
  Time since last request: 0.366512 seconds.
  path: Assets/Blink/Art/Textures/StylizedForestTextures/Cliff_3/Cliff_3_Height.png
  artifactKey: Guid(e503f96269599594cb66b5e353290180) Importer(815301076,1909f56bfc062723c751e8b465ee728b)
Start importing Assets/Blink/Art/Textures/StylizedForestTextures/Cliff_3/Cliff_3_Height.png using Guid(e503f96269599594cb66b5e353290180) Importer(815301076,1909f56bfc062723c751e8b465ee728b)  -> (artifact id: '23ecd3a06603c6fe62323034bfde437a') in 0.014618 seconds 
  Import took 0.019606 seconds .

========================================================================
Received Import Request.
  Time since last request: 0.000188 seconds.
  path: Assets/Blink/Art/Textures/StylizedForestTextures/Cliff_3/Cliff_3_Normal.png
  artifactKey: Guid(f7627922db039884e849d99b8aaf3e92) Importer(815301076,1909f56bfc062723c751e8b465ee728b)
Start importing Assets/Blink/Art/Textures/StylizedForestTextures/Cliff_3/Cliff_3_Normal.png using Guid(f7627922db039884e849d99b8aaf3e92) Importer(815301076,1909f56bfc062723c751e8b465ee728b)  -> (artifact id: '82338b53620d18456bbd2340411effcc') in 0.022981 seconds 
  Import took 0.027201 seconds .

========================================================================
Received Import Request.
  Time since last request: 0.029143 seconds.
  path: Assets/Blink/Art/Textures/StylizedForestTextures/Cliff_3/Cliff_3_Roughness.png
  artifactKey: Guid(1446785b5ae3f274eb68fa98f44389d8) Importer(815301076,1909f56bfc062723c751e8b465ee728b)
Start importing Assets/Blink/Art/Textures/StylizedForestTextures/Cliff_3/Cliff_3_Roughness.png using Guid(1446785b5ae3f274eb68fa98f44389d8) Importer(815301076,1909f56bfc062723c751e8b465ee728b)  -> (artifact id: '48495de28f1a5a8ff24c246500addb87') in 0.015569 seconds 
  Import took 0.019525 seconds .

========================================================================
Received Import Request.
  Time since last request: 0.316055 seconds.
  path: Assets/Invector-3rdPersonController_LITE/3D Models/Textures/prototype_textures/Textures/deadgrass.png
  artifactKey: Guid(588c0f7d30e3e084c96a16f87d3c1ef4) Importer(815301076,1909f56bfc062723c751e8b465ee728b)
Start importing Assets/Invector-3rdPersonController_LITE/3D Models/Textures/prototype_textures/Textures/deadgrass.png using Guid(588c0f7d30e3e084c96a16f87d3c1ef4) Importer(815301076,1909f56bfc062723c751e8b465ee728b)  -> (artifact id: '43bc1fd6550dd2fb945831b57bc54176') in 0.009715 seconds 
  Import took 0.013276 seconds .

========================================================================
Received Import Request.
  Time since last request: 0.000282 seconds.
  path: Assets/Invector-3rdPersonController_LITE/3D Models/Textures/prototype_textures/Textures/deadgrass_NRM.png
  artifactKey: Guid(958e6b9b36f25354db99deafd3eaaaa6) Importer(815301076,1909f56bfc062723c751e8b465ee728b)
Start importing Assets/Invector-3rdPersonController_LITE/3D Models/Textures/prototype_textures/Textures/deadgrass_NRM.png using Guid(958e6b9b36f25354db99deafd3eaaaa6) Importer(815301076,1909f56bfc062723c751e8b465ee728b)  -> (artifact id: '344389f2f12e92dd921186eb4b54f8c8') in 0.010516 seconds 
  Import took 0.014312 seconds .

========================================================================
Received Import Request.
  Time since last request: 0.007395 seconds.
  path: Assets/Invector-3rdPersonController_LITE/3D Models/Textures/prototype_textures/Textures/download.png
  artifactKey: Guid(d1863870c30433a4ba76e25cae037eec) Importer(815301076,1909f56bfc062723c751e8b465ee728b)
Start importing Assets/Invector-3rdPersonController_LITE/3D Models/Textures/prototype_textures/Textures/download.png using Guid(d1863870c30433a4ba76e25cae037eec) Importer(815301076,1909f56bfc062723c751e8b465ee728b)  -> (artifact id: 'daba1e57a4289aeb73254fbccc3b32e3') in 0.011819 seconds 
  Import took 0.016173 seconds .

========================================================================
Received Import Request.
  Time since last request: 0.000399 seconds.
  path: Assets/Blink/Art/Textures/StylizedLavaTextures/Dry_Lava/Dry_Lava_AmbientOcclusion.png
  artifactKey: Guid(e38f6cb631113bd4aae7b02113c7cfd3) Importer(815301076,1909f56bfc062723c751e8b465ee728b)
Start importing Assets/Blink/Art/Textures/StylizedLavaTextures/Dry_Lava/Dry_Lava_AmbientOcclusion.png using Guid(e38f6cb631113bd4aae7b02113c7cfd3) Importer(815301076,1909f56bfc062723c751e8b465ee728b)  -> (artifact id: 'b6fd8af9d9c9cc5dd2862f16946a5f0f') in 0.012817 seconds 
  Import took 0.017172 seconds .

========================================================================
Received Import Request.
  Time since last request: 0.343742 seconds.
  path: Assets/Blink/Art/Textures/StylizedLavaTextures/Dry_Lava/Dry_Lava_BaseColor.png
  artifactKey: Guid(191dc07ce4b300c46b8135046fe1cc7e) Importer(815301076,1909f56bfc062723c751e8b465ee728b)
Start importing Assets/Blink/Art/Textures/StylizedLavaTextures/Dry_Lava/Dry_Lava_BaseColor.png using Guid(191dc07ce4b300c46b8135046fe1cc7e) Importer(815301076,1909f56bfc062723c751e8b465ee728b)  -> (artifact id: 'eb8ea67ddbcedf539f30d734579ea2e1') in 0.017778 seconds 
  Import took 0.025249 seconds .

========================================================================
Received Import Request.
  Time since last request: 0.000302 seconds.
  path: Assets/Blink/Art/Textures/StylizedLavaTextures/Dry_Lava/Dry_Lava_Height.png
  artifactKey: Guid(380f7833db0c20741a96b9b56cf2d1e8) Importer(815301076,1909f56bfc062723c751e8b465ee728b)
Start importing Assets/Blink/Art/Textures/StylizedLavaTextures/Dry_Lava/Dry_Lava_Height.png using Guid(380f7833db0c20741a96b9b56cf2d1e8) Importer(815301076,1909f56bfc062723c751e8b465ee728b)  -> (artifact id: '38e3b7d824ee35cc816241a77329c88e') in 0.010941 seconds 
  Import took 0.015108 seconds .

========================================================================
Received Import Request.
  Time since last request: 0.000284 seconds.
  path: Assets/Blink/Art/Textures/StylizedLavaTextures/Dry_Lava/Dry_Lava_Roughness.png
  artifactKey: Guid(84b28b415ee7a9046b485c8b4eb5a999) Importer(815301076,1909f56bfc062723c751e8b465ee728b)
Start importing Assets/Blink/Art/Textures/StylizedLavaTextures/Dry_Lava/Dry_Lava_Roughness.png using Guid(84b28b415ee7a9046b485c8b4eb5a999) Importer(815301076,1909f56bfc062723c751e8b465ee728b)  -> (artifact id: '2ae87b833d0dd5a560a8638a092c41f7') in 0.011166 seconds 
  Import took 0.014757 seconds .

========================================================================
Received Import Request.
  Time since last request: 0.000542 seconds.
  path: Assets/Blink/Art/Textures/StylizedLavaTextures/Dry_Lava/Dry_Lava_Normal.png
  artifactKey: Guid(0258a49874d37ef4ca3e716ad72fd4fd) Importer(815301076,1909f56bfc062723c751e8b465ee728b)
Start importing Assets/Blink/Art/Textures/StylizedLavaTextures/Dry_Lava/Dry_Lava_Normal.png using Guid(0258a49874d37ef4ca3e716ad72fd4fd) Importer(815301076,1909f56bfc062723c751e8b465ee728b)  -> (artifact id: '496b77ab30054f5e12ce6c2e359c8fff') in 0.014113 seconds 
  Import took 0.018983 seconds .

========================================================================
Received Import Request.
  Time since last request: 0.003941 seconds.
  path: Assets/Invector-3rdPersonController_LITE/Resources/Reckoner.ttf
  artifactKey: Guid(6d5f66926f86d304eadada78d16964b0) Importer(815301076,1909f56bfc062723c751e8b465ee728b)
Start importing Assets/Invector-3rdPersonController_LITE/Resources/Reckoner.ttf using Guid(6d5f66926f86d304eadada78d16964b0) Importer(815301076,1909f56bfc062723c751e8b465ee728b)  -> (artifact id: '5f6a7b0d861a6482ae7e666dcc4be6b7') in 0.045853 seconds 
  Import took 0.049622 seconds .

========================================================================
Received Import Request.
  Time since last request: 0.804454 seconds.
  path: Assets/Invector-3rdPersonController_LITE/3D Models/Textures/prototype_textures/Textures/gras.png
  artifactKey: Guid(aa0e3b0078b1f974abf388813d4174a5) Importer(815301076,1909f56bfc062723c751e8b465ee728b)
Start importing Assets/Invector-3rdPersonController_LITE/3D Models/Textures/prototype_textures/Textures/gras.png using Guid(aa0e3b0078b1f974abf388813d4174a5) Importer(815301076,1909f56bfc062723c751e8b465ee728b)  -> (artifact id: '08672626a1ae84a0c565fc00a3cb9bfb') in 0.017075 seconds 
  Import took 0.024290 seconds .

========================================================================
Received Import Request.
  Time since last request: 0.000320 seconds.
  path: Assets/GrassFlowers/Textures/GrassFlowers/grass01.tga
  artifactKey: Guid(91a1945982e98be4d9fe3e3d12fdebd8) Importer(815301076,1909f56bfc062723c751e8b465ee728b)
Start importing Assets/GrassFlowers/Textures/GrassFlowers/grass01.tga using Guid(91a1945982e98be4d9fe3e3d12fdebd8) Importer(815301076,1909f56bfc062723c751e8b465ee728b)  -> (artifact id: '92241e2694493c22f155b5b612f2805f') in 0.016175 seconds 
  Import took 0.020399 seconds .

========================================================================
Received Import Request.
  Time since last request: 0.000303 seconds.
  path: Assets/GrassFlowers/Textures/Ground/Grass01_BigUV.png
  artifactKey: Guid(38bb15d6b378aff46b461e248592d1da) Importer(815301076,1909f56bfc062723c751e8b465ee728b)
Start importing Assets/GrassFlowers/Textures/Ground/Grass01_BigUV.png using Guid(38bb15d6b378aff46b461e248592d1da) Importer(815301076,1909f56bfc062723c751e8b465ee728b)  -> (artifact id: '364fce0d8ec6b01f8d2b1e7ceaa160e9') in 0.021719 seconds 
  Import took 0.026569 seconds .

========================================================================
Received Import Request.
  Time since last request: 0.000377 seconds.
  path: Assets/Blink/Art/Textures/StylizedForestTextures/Grass_Mud/Grass_Mud_Basecolor.png
  artifactKey: Guid(a0c9a9da0e140d04ca2943dc740bae2f) Importer(815301076,1909f56bfc062723c751e8b465ee728b)
Start importing Assets/Blink/Art/Textures/StylizedForestTextures/Grass_Mud/Grass_Mud_Basecolor.png using Guid(a0c9a9da0e140d04ca2943dc740bae2f) Importer(815301076,1909f56bfc062723c751e8b465ee728b)  -> (artifact id: 'c6772737914f0c13aa83c681b8f4b86b') in 0.011508 seconds 
  Import took 0.015545 seconds .

========================================================================
Received Import Request.
  Time since last request: 0.000373 seconds.
  path: Assets/Blink/Art/Textures/StylizedForestTextures/Grass_Mud/Grass_Mud_Height.png
  artifactKey: Guid(e7f6b9a3a702d084b9f4b51036423f2f) Importer(815301076,1909f56bfc062723c751e8b465ee728b)
Start importing Assets/Blink/Art/Textures/StylizedForestTextures/Grass_Mud/Grass_Mud_Height.png using Guid(e7f6b9a3a702d084b9f4b51036423f2f) Importer(815301076,1909f56bfc062723c751e8b465ee728b)  -> (artifact id: '39fcde9676a42c5a4d1b8a4ba7ab728a') in 0.012864 seconds 
  Import took 0.016871 seconds .

========================================================================
Received Import Request.
  Time since last request: 0.000216 seconds.
  path: Assets/Blink/Art/Textures/StylizedForestTextures/Grass_Mud/Grass_Mud_Ambientocclusion.png
  artifactKey: Guid(c4835cf16d7f572499c6cff86001ec3c) Importer(815301076,1909f56bfc062723c751e8b465ee728b)
Start importing Assets/Blink/Art/Textures/StylizedForestTextures/Grass_Mud/Grass_Mud_Ambientocclusion.png using Guid(c4835cf16d7f572499c6cff86001ec3c) Importer(815301076,1909f56bfc062723c751e8b465ee728b)  -> (artifact id: '66d92267b38a83b34e2fe172083123e5') in 0.014511 seconds 
  Import took 0.019435 seconds .

========================================================================
Received Import Request.
  Time since last request: 0.000359 seconds.
  path: Assets/Invector-3rdPersonController_LITE/3D Models/Textures/prototype_textures/Textures/grass.png
  artifactKey: Guid(ec68c6550c3dbf6418336e2c9af563fd) Importer(815301076,1909f56bfc062723c751e8b465ee728b)
Start importing Assets/Invector-3rdPersonController_LITE/3D Models/Textures/prototype_textures/Textures/grass.png using Guid(ec68c6550c3dbf6418336e2c9af563fd) Importer(815301076,1909f56bfc062723c751e8b465ee728b)  -> (artifact id: '053693e0409db51bc05c1715686cd65e') in 0.009820 seconds 
  Import took 0.014064 seconds .

========================================================================
Received Import Request.
  Time since last request: 0.000225 seconds.
  path: Assets/GrassFlowers/Textures/GrassFlowers/grass02.tga
  artifactKey: Guid(cf3069941001b5c46b1f13d4551d0fd9) Importer(815301076,1909f56bfc062723c751e8b465ee728b)
Start importing Assets/GrassFlowers/Textures/GrassFlowers/grass02.tga using Guid(cf3069941001b5c46b1f13d4551d0fd9) Importer(815301076,1909f56bfc062723c751e8b465ee728b)  -> (artifact id: 'd6edad403450daff5cf2da3504deeee8') in 0.010115 seconds 
  Import took 0.014934 seconds .

========================================================================
Received Import Request.
  Time since last request: 0.157862 seconds.
  path: Assets/Blink/Art/Textures/StylizedForestTextures/Grass_Mud/Grass_Mud_Normal.png
  artifactKey: Guid(b217965dc434d8046b635d1832ec490f) Importer(815301076,1909f56bfc062723c751e8b465ee728b)
Start importing Assets/Blink/Art/Textures/StylizedForestTextures/Grass_Mud/Grass_Mud_Normal.png using Guid(b217965dc434d8046b635d1832ec490f) Importer(815301076,1909f56bfc062723c751e8b465ee728b)  -> (artifact id: '91bcf9b464d1d2744849fde91b4f36f3') in 0.024932 seconds 
  Import took 0.034341 seconds .

========================================================================
Received Import Request.
  Time since last request: 0.000274 seconds.
  path: Assets/Blink/Art/Textures/StylizedForestTextures/Grass_Mud/Grass_Mud_Roughness.png
  artifactKey: Guid(f6813a2d2e429bc4db4e8e4c7858f7c6) Importer(815301076,1909f56bfc062723c751e8b465ee728b)
Start importing Assets/Blink/Art/Textures/StylizedForestTextures/Grass_Mud/Grass_Mud_Roughness.png using Guid(f6813a2d2e429bc4db4e8e4c7858f7c6) Importer(815301076,1909f56bfc062723c751e8b465ee728b)  -> (artifact id: '7e84d1c7af28712e0d0388bcf30005ed') in 0.011371 seconds 
  Import took 0.015519 seconds .

========================================================================
Received Import Request.
  Time since last request: 0.000204 seconds.
  path: Assets/GrassFlowers/Textures/GrassFlowers/grassFlower03.tga
  artifactKey: Guid(c6bde8cacfa93444fa98152cb9e36815) Importer(815301076,1909f56bfc062723c751e8b465ee728b)
Start importing Assets/GrassFlowers/Textures/GrassFlowers/grassFlower03.tga using Guid(c6bde8cacfa93444fa98152cb9e36815) Importer(815301076,1909f56bfc062723c751e8b465ee728b)  -> (artifact id: 'b0aa6e96a8acb9b15b48877fbd6e3b2c') in 0.011095 seconds 
  Import took 0.014704 seconds .

========================================================================
Received Import Request.
  Time since last request: 0.000310 seconds.
  path: Assets/GrassFlowers/Textures/GrassFlowers/grassFlower04.tga
  artifactKey: Guid(5c744e80ad52c884c9ac4c9139b3aaae) Importer(815301076,1909f56bfc062723c751e8b465ee728b)
Start importing Assets/GrassFlowers/Textures/GrassFlowers/grassFlower04.tga using Guid(5c744e80ad52c884c9ac4c9139b3aaae) Importer(815301076,1909f56bfc062723c751e8b465ee728b)  -> (artifact id: 'bdb3dd877b4e0ff6953b23ee06a5ff12') in 0.012057 seconds 
  Import took 0.015659 seconds .

========================================================================
Received Import Request.
  Time since last request: 0.000391 seconds.
  path: Assets/GrassFlowers/Textures/GrassFlowers/grassFlower05.tga
  artifactKey: Guid(e3b33de953074bc4a88d9487f19c1202) Importer(815301076,1909f56bfc062723c751e8b465ee728b)
Start importing Assets/GrassFlowers/Textures/GrassFlowers/grassFlower05.tga using Guid(e3b33de953074bc4a88d9487f19c1202) Importer(815301076,1909f56bfc062723c751e8b465ee728b)  -> (artifact id: 'e91fa6f2335198d60eaa3404ebafc8a3') in 0.009783 seconds 
  Import took 0.013387 seconds .

========================================================================
Received Import Request.
  Time since last request: 0.000329 seconds.
  path: Assets/GrassFlowers/Textures/GrassFlowers/grassFlower01.tga
  artifactKey: Guid(5733619f617fd954cac22d3d11fd1b93) Importer(815301076,1909f56bfc062723c751e8b465ee728b)
Start importing Assets/GrassFlowers/Textures/GrassFlowers/grassFlower01.tga using Guid(5733619f617fd954cac22d3d11fd1b93) Importer(815301076,1909f56bfc062723c751e8b465ee728b)  -> (artifact id: 'd93aae1fe581510878599ba02e0f8de1') in 0.009858 seconds 
  Import took 0.013754 seconds .

========================================================================
Received Import Request.
  Time since last request: 0.000285 seconds.
  path: Assets/GrassFlowers/Textures/GrassFlowers/grassFlower06.tga
  artifactKey: Guid(b3d0250e4b7a1ac4abe98a38d34d2048) Importer(815301076,1909f56bfc062723c751e8b465ee728b)
Start importing Assets/GrassFlowers/Textures/GrassFlowers/grassFlower06.tga using Guid(b3d0250e4b7a1ac4abe98a38d34d2048) Importer(815301076,1909f56bfc062723c751e8b465ee728b)  -> (artifact id: 'd1e74c96b345ca23d33e6112b8019335') in 0.010249 seconds 
  Import took 0.013798 seconds .

========================================================================
Received Import Request.
  Time since last request: 0.000299 seconds.
  path: Assets/GrassFlowers/Textures/GrassFlowers/grassFlower02.tga
  artifactKey: Guid(b0601839c4520064bb61d58d088810bc) Importer(815301076,1909f56bfc062723c751e8b465ee728b)
Start importing Assets/GrassFlowers/Textures/GrassFlowers/grassFlower02.tga using Guid(b0601839c4520064bb61d58d088810bc) Importer(815301076,1909f56bfc062723c751e8b465ee728b)  -> (artifact id: 'a2674877332376b568a0c622c7ed88e3') in 0.010534 seconds 
  Import took 0.014354 seconds .

========================================================================
Received Import Request.
  Time since last request: 516.084069 seconds.
  path: Assets/211716_circle_filled_icon.png
  artifactKey: Guid(557d2996095eb3f4c8590a95bb613fcc) Importer(815301076,1909f56bfc062723c751e8b465ee728b)
Start importing Assets/211716_circle_filled_icon.png using Guid(557d2996095eb3f4c8590a95bb613fcc) Importer(815301076,1909f56bfc062723c751e8b465ee728b)  -> (artifact id: '413ae0145bd4fe92964ac255cbb3b25e') in 0.016554 seconds 
  Import took 0.020817 seconds .

========================================================================
Received Import Request.
  Time since last request: 465.481465 seconds.
  path: Assets/211716_circle_filled_icon (1).png
  artifactKey: Guid(2a52707fdfb5d9e4b8c7a072a96c8b0e) Importer(815301076,1909f56bfc062723c751e8b465ee728b)
Start importing Assets/211716_circle_filled_icon (1).png using Guid(2a52707fdfb5d9e4b8c7a072a96c8b0e) Importer(815301076,1909f56bfc062723c751e8b465ee728b)  -> (artifact id: '42b86f597d428c5fc5a6b73bd00f4d96') in 0.020633 seconds 
  Import took 0.025411 seconds .

========================================================================
Received Import Request.
  Time since last request: 12.391678 seconds.
  path: Assets/Invector-3rdPersonController_LITE/3D Models/Textures/basicTextures/Melee-Logo.png
  artifactKey: Guid(afc1f4ecbdcff7748a784b17612054ab) Importer(815301076,1909f56bfc062723c751e8b465ee728b)
Start importing Assets/Invector-3rdPersonController_LITE/3D Models/Textures/basicTextures/Melee-Logo.png using Guid(afc1f4ecbdcff7748a784b17612054ab) Importer(815301076,1909f56bfc062723c751e8b465ee728b)  -> (artifact id: '32e75c0d07189b113f5274dc87ec4d19') in 0.032412 seconds 
  Import took 0.038004 seconds .

========================================================================
Received Import Request.
  Time since last request: 0.000321 seconds.
  path: Assets/Invector-3rdPersonController_LITE/Resources/square.png
  artifactKey: Guid(f981fdad814cbfb43969712c51317bae) Importer(815301076,1909f56bfc062723c751e8b465ee728b)
Start importing Assets/Invector-3rdPersonController_LITE/Resources/square.png using Guid(f981fdad814cbfb43969712c51317bae) Importer(815301076,1909f56bfc062723c751e8b465ee728b)  -> (artifact id: '689a7d282fea9fc38decf51497e70b80') in 0.014272 seconds 
  Import took 0.017578 seconds .

========================================================================
Received Import Request.
  Time since last request: 0.339043 seconds.
  path: Assets/Invector-3rdPersonController_LITE/Resources/templatesFeatures.png
  artifactKey: Guid(538243fb8b0699040a432eadb25c0864) Importer(815301076,1909f56bfc062723c751e8b465ee728b)
Start importing Assets/Invector-3rdPersonController_LITE/Resources/templatesFeatures.png using Guid(538243fb8b0699040a432eadb25c0864) Importer(815301076,1909f56bfc062723c751e8b465ee728b)  -> (artifact id: '113143240193a5c38a685b5c6922496c') in 0.021759 seconds 
  Import took 0.025301 seconds .

========================================================================
Received Import Request.
  Time since last request: 0.000384 seconds.
  path: Assets/Invector-3rdPersonController_LITE/Resources/vbg.png
  artifactKey: Guid(d89ba6941d9e3a64a83b05213f91b0c0) Importer(815301076,1909f56bfc062723c751e8b465ee728b)
Start importing Assets/Invector-3rdPersonController_LITE/Resources/vbg.png using Guid(d89ba6941d9e3a64a83b05213f91b0c0) Importer(815301076,1909f56bfc062723c751e8b465ee728b)  -> (artifact id: '78de323285d3df660f325303bb46aed1') in 0.012272 seconds 
  Import took 0.015745 seconds .

========================================================================
Received Import Request.
  Time since last request: 0.000339 seconds.
  path: Assets/Invector-3rdPersonController_LITE/Resources/TextAreaSkin.png
  artifactKey: Guid(d5bee62c9974267469602e2c42dda181) Importer(815301076,1909f56bfc062723c751e8b465ee728b)
Start importing Assets/Invector-3rdPersonController_LITE/Resources/TextAreaSkin.png using Guid(d5bee62c9974267469602e2c42dda181) Importer(815301076,1909f56bfc062723c751e8b465ee728b)  -> (artifact id: '919f87a0f6f4a217016c766e05740aa8') in 0.017395 seconds 
  Import took 0.021507 seconds .

========================================================================
Received Import Request.
  Time since last request: 0.000356 seconds.
  path: Assets/Invector-3rdPersonController_LITE/Resources/templatesPromo.jpg
  artifactKey: Guid(38ad7ac5d5d785146a42d2dc6e4f7e42) Importer(815301076,1909f56bfc062723c751e8b465ee728b)
Start importing Assets/Invector-3rdPersonController_LITE/Resources/templatesPromo.jpg using Guid(38ad7ac5d5d785146a42d2dc6e4f7e42) Importer(815301076,1909f56bfc062723c751e8b465ee728b)  -> (artifact id: '1fef6fb7e6e5115428ae22a96edefe0c') in 0.029036 seconds 
  Import took 0.033101 seconds .

========================================================================
Received Import Request.
  Time since last request: 18.392150 seconds.
  path: Assets/211716_circle_filled_icon (1).png
  artifactKey: Guid(2a52707fdfb5d9e4b8c7a072a96c8b0e) Importer(815301076,1909f56bfc062723c751e8b465ee728b)
Start importing Assets/211716_circle_filled_icon (1).png using Guid(2a52707fdfb5d9e4b8c7a072a96c8b0e) Importer(815301076,1909f56bfc062723c751e8b465ee728b)  -> (artifact id: 'd1aa4e45c0127492e6b1491cb17fc813') in 0.013572 seconds 
  Import took 0.017147 seconds .

========================================================================
Received Prepare
Registering precompiled user dll's ...
Registered in 0.006577 seconds.
Begin MonoManager ReloadAssembly
Native extension for WindowsStandalone target not found
Native extension for WebGL target not found
Refreshing native plugins compatible for Editor in 0.59 ms, found 3 plugins.
Preloading 0 native plugins for Editor in 0.00 ms.
Mono: successfully reloaded assembly
- Completed reload, in  1.016 seconds
Domain Reload Profiling:
	ReloadAssembly (1016ms)
		BeginReloadAssembly (102ms)
			ExecutionOrderSort (0ms)
			DisableScriptedObjects (4ms)
			BackupInstance (0ms)
			ReleaseScriptingObjects (0ms)
			CreateAndSetChildDomain (37ms)
		EndReloadAssembly (856ms)
			LoadAssemblies (85ms)
			RebuildTransferFunctionScriptingTraits (0ms)
			SetupTypeCache (296ms)
			ReleaseScriptCaches (1ms)
			RebuildScriptCaches (46ms)
			SetupLoadedEditorAssemblies (308ms)
				LogAssemblyErrors (0ms)
				InitializePlatformSupportModulesInManaged (7ms)
				SetLoadedEditorAssemblies (1ms)
				RefreshPlugins (1ms)
				BeforeProcessingInitializeOnLoad (78ms)
				ProcessInitializeOnLoadAttributes (208ms)
				ProcessInitializeOnLoadMethodAttributes (9ms)
				AfterProcessingInitializeOnLoad (5ms)
				EditorAssembliesLoaded (0ms)
			ExecutionOrderSort2 (0ms)
			AwakeInstancesAfterBackupRestoration (6ms)
Platform modules already initialized, skipping
Refreshing native plugins compatible for Editor in 0.47 ms, found 3 plugins.
Preloading 0 native plugins for Editor in 0.00 ms.
Unloading 1872 Unused Serialized files (Serialized files now loaded: 0)
System memory in use before: 113.1 MB.
System memory in use after: 113.2 MB.

Unloading 18 unused Assets to reduce memory usage. Loaded Objects now: 2450.
Total: 2.790600 ms (FindLiveObjects: 0.165400 ms CreateObjectMapping: 0.058200 ms MarkObjects: 2.549900 ms  DeleteObjects: 0.016300 ms)

AssetImportParameters requested are different than current active one (requested -> active):
  custom:framework-win-MediaFoundation: 216162199b28c13a410421893ffa2e32 -> 
  custom:video-decoder-ogg-theora: a1e56fd34408186e4bbccfd4996cb3dc -> 
  custom:container-muxer-webm: aa71ff27fc2769a1b78a27578f13a17b -> 
  custom:container-demuxer-webm: 4f35f7cbe854078d1ac9338744f61a02 -> 
  custom:container-demuxer-ogg: 62fdf1f143b41e24485cea50d1cbac27 -> 
  custom:video-encoder-webm-vp8: eb34c28f22e8b96e1ab97ce403110664 -> 
  custom:video-decoder-webm-vp8: 9c59270c3fd7afecdb556c50c9e8de78 -> 
  custom:audio-decoder-ogg-vorbis: bf7c407c2cedff20999df2af8eb42d56 -> 
  custom:audio-encoder-webm-vorbis: bf7c407c2cedff20999df2af8eb42d56 -> 
========================================================================
Received Import Request.
  Time since last request: 1107.801695 seconds.
  path: Assets/New Render Texture.renderTexture
  artifactKey: Guid(d4dc13f6f794b4142a20c38c4d32a11e) Importer(815301076,1909f56bfc062723c751e8b465ee728b)
Start importing Assets/New Render Texture.renderTexture using Guid(d4dc13f6f794b4142a20c38c4d32a11e) Importer(815301076,1909f56bfc062723c751e8b465ee728b)  -> (artifact id: 'cc9875c7190ea50b97d1375844a4f3fa') in 0.036655 seconds 
  Import took 0.039836 seconds .

========================================================================
Received Import Request.
  Time since last request: 90.780216 seconds.
  path: Assets/渲染圖片小地圖.terrainlayer
  artifactKey: Guid(6cc652c239191c545adcfbe01f6a45ee) Importer(815301076,1909f56bfc062723c751e8b465ee728b)
Start importing Assets/渲染圖片小地圖.terrainlayer using Guid(6cc652c239191c545adcfbe01f6a45ee) Importer(815301076,1909f56bfc062723c751e8b465ee728b)  -> (artifact id: '0e1d8e2edf9694b9929a16ad8a071bf7') in 0.016248 seconds 
  Import took 0.021131 seconds .

========================================================================
Received Import Request.
  Time since last request: 71.969536 seconds.
  path: Assets/New Render Texture 1.renderTexture
  artifactKey: Guid(34adaa72b74a3c5459da62fc5d5299fd) Importer(815301076,1909f56bfc062723c751e8b465ee728b)
Start importing Assets/New Render Texture 1.renderTexture using Guid(34adaa72b74a3c5459da62fc5d5299fd) Importer(815301076,1909f56bfc062723c751e8b465ee728b)  -> (artifact id: '8030b3ae7d2d596ac00d85a9fae4cc61') in 0.009973 seconds 
  Import took 0.013612 seconds .

========================================================================
Received Import Request.
  Time since last request: 16.718343 seconds.
  path: Assets/渲染圖片小地圖.renderTexture
  artifactKey: Guid(d4dc13f6f794b4142a20c38c4d32a11e) Importer(815301076,1909f56bfc062723c751e8b465ee728b)
Start importing Assets/渲染圖片小地圖.renderTexture using Guid(d4dc13f6f794b4142a20c38c4d32a11e) Importer(815301076,1909f56bfc062723c751e8b465ee728b)  -> (artifact id: '1ad590751139080c7cfd48a9b20059d2') in 0.008833 seconds 
  Import took 0.013023 seconds .

